Watching for changes in /Users/cihan/Desktop/blogum/{archetypes,assets,content,data,i18n,layouts,package.json,static,tailwind.config.js,themes}
Watching for config changes in /Users/cihan/Desktop/blogum/hugo.toml, /Users/cihan/Desktop/blogum/themes/hextra/hugo.toml
Start building sites … 
hugo v0.152.2+extended+withdeploy darwin/arm64 BuildDate=2025-10-24T15:31:49Z VendorInfo=brew


                  │ EN  
──────────────────┼─────
 Pages            │ 219 
 Paginator pages  │  20 
 Non-page files   │   0 
 Static files     │  12 
 Processed images │   0 
 Aliases          │   1 
 Cleaned          │   0 

Built in 4104 ms
Environment: "development"
Serving pages from disk
Web Server is available at http://localhost:1313/ (bind address 0.0.0.0) 
Press Ctrl+C to stop

Change detected, rebuilding site (#1).
2025-12-05 20:30:06.721 +0300
Source changed /_index.md
Web Server is available at http://localhost:1313/ (bind address 0.0.0.0)
Total in 3641 ms

Change detected, rebuilding site (#2).
2025-12-05 20:30:23.280 +0300
Source changed /_index.md
Web Server is available at http://localhost:1313/ (bind address 0.0.0.0)
Total in 3404 ms

Change of config file detected, rebuilding site (#3).
2025-12-05 20:33:23.721 +0300
ERROR Failed to reload config: failed to load config: "/Users/cihan/Desktop/blogum/hugo.toml:1:1": unmarshal failed: toml: table footer already exists
Web Server is available at http://localhost:1313/ (bind address 0.0.0.0)
Rebuilt in 72 ms

Change of config file detected, rebuilding site (#4).
2025-12-05 20:39:56.721 +0300
Web Server is available at http://localhost:1313/ (bind address 0.0.0.0)
Rebuilt in 4818 ms

Change of config file detected, rebuilding site (#5).
2025-12-05 20:40:40.721 +0300
Web Server is available at http://localhost:1313/ (bind address 0.0.0.0)
Rebuilt in 5331 ms

Change detected, rebuilding site (#6).
2025-12-05 20:42:17.721 +0300
Source changed /_index.md
Web Server is available at http://localhost:1313/ (bind address 0.0.0.0)
Total in 4913 ms

Change detected, rebuilding site (#7).
2025-12-05 20:45:32.720 +0300
Source changed /_index.md
Web Server is available at http://localhost:1313/ (bind address 0.0.0.0)
Total in 4773 ms

Change of Static files detected, rebuilding site (#8).
2025-12-05 20:46:23.725 +0300
Syncing /css/override.css to /

Change detected, rebuilding site (#9).
2025-12-05 20:46:33.728 +0300
Source changed /_index.md
Web Server is available at http://localhost:1313/ (bind address 0.0.0.0)
Total in 4562 ms

Change detected, rebuilding site (#10).
2025-12-05 20:46:39.226 +0300
Template changed /_partials/head.html
Web Server is available at http://localhost:1313/ (bind address 0.0.0.0)
Total in 4543 ms

Change of Static files detected, rebuilding site (#11).
2025-12-05 20:46:49.726 +0300
Syncing /css/override.css to /

Change detected, rebuilding site (#12).
2025-12-05 20:46:49.726 +0300
Source changed /_index.md
Template changed /_partials/head.html
Web Server is available at http://localhost:1313/ (bind address 0.0.0.0)
Total in 5117 ms

Change detected, rebuilding site (#13).
2025-12-05 20:49:52.726 +0300
Source changed /_index.md
Web Server is available at http://localhost:1313/ (bind address 0.0.0.0)
Total in 4568 ms

Change detected, rebuilding site (#14).
2025-12-05 20:51:28.726 +0300
Source changed /_index.md
Web Server is available at http://localhost:1313/ (bind address 0.0.0.0)
Total in 5417 ms

Change of Static files detected, rebuilding site (#15).
2025-12-05 20:51:48.226 +0300
Syncing /css/override.css to /

Change of Static files detected, rebuilding site (#16).
2025-12-05 20:51:52.726 +0300
Syncing /css/override.css to /

Change detected, rebuilding site (#17).
2025-12-05 20:53:15.225 +0300
Source changed /_index.md
Web Server is available at http://localhost:1313/ (bind address 0.0.0.0)
Total in 4500 ms

Change detected, rebuilding site (#18).
2025-12-05 20:53:36.726 +0300
Source changed /_index.md
Web Server is available at http://localhost:1313/ (bind address 0.0.0.0)
Total in 4891 ms

Change detected, rebuilding site (#19).
2025-12-05 20:55:43.226 +0300
Template changed /baseof.html
Web Server is available at http://localhost:1313/ (bind address 0.0.0.0)
Total in 4613 ms

Change of Static files detected, rebuilding site (#20).
2025-12-05 20:55:56.726 +0300
Syncing /css/override.css to /

Change of Static files detected, rebuilding site (#21).
2025-12-05 20:56:16.071 +0300
Syncing /css/override.css to /

Change detected, rebuilding site (#22).
2025-12-05 20:56:16.072 +0300
Template changed /baseof.html
Web Server is available at http://localhost:1313/ (bind address 0.0.0.0)
Total in 5812 ms

Change of Static files detected, rebuilding site (#23).
2025-12-05 20:57:43.226 +0300
Syncing /css/override.css to /

Change of Static files detected, rebuilding site (#24).
2025-12-05 20:58:48.696 +0300
Syncing /css/override.css to /

Change of Static files detected, rebuilding site (#25).
2025-12-05 21:01:14.227 +0300
Syncing /css/override.css to /

Change of Static files detected, rebuilding site (#26).
2025-12-05 21:03:04.717 +0300
Syncing /css/override.css to /

Change of Static files detected, rebuilding site (#27).
2025-12-05 21:06:13.226 +0300
Syncing /css/override.css to /

Change of Static files detected, rebuilding site (#28).
2025-12-05 21:06:23.682 +0300
Syncing /css/override.css to /

Change of Static files detected, rebuilding site (#29).
2025-12-05 21:07:36.227 +0300
Syncing /css/override.css to /

Change of Static files detected, rebuilding site (#30).
2025-12-05 21:07:39.727 +0300
Syncing /css/override.css to /

Change of Static files detected, rebuilding site (#31).
2025-12-05 21:10:32.726 +0300
Syncing /css/override.css to /

Change of Static files detected, rebuilding site (#32).
2025-12-05 21:11:10.251 +0300
Syncing /css/override.css to /

Change of Static files detected, rebuilding site (#33).
2025-12-05 21:13:03.726 +0300
Syncing /images/hero-bg.svg to /

Change of Static files detected, rebuilding site (#34).
2025-12-05 21:13:17.226 +0300
Syncing /css/override.css to /

Change of Static files detected, rebuilding site (#35).
2025-12-05 21:13:21.726 +0300
Syncing /css/override.css to /
Syncing /images/hero-bg.svg to /

Change of Static files detected, rebuilding site (#36).
2025-12-05 21:15:16.182 +0300
Syncing /css/override.css to /

Change of Static files detected, rebuilding site (#37).
2025-12-05 21:17:00.679 +0300
Syncing /css/override.css to /

Change detected, rebuilding site (#38).
2025-12-06 13:17:15.794 +0300
Source changed /_index.md
Web Server is available at http://localhost:1313/ (bind address 0.0.0.0)
Total in 4763 ms

Change detected, rebuilding site (#39).
2025-12-06 13:17:20.557 +0300
Source changed /_index.md
Web Server is available at http://localhost:1313/ (bind address 0.0.0.0)
Total in 4548 ms

Change of Static files detected, rebuilding site (#40).
2025-12-06 13:17:47.793 +0300
Syncing /css/override.css to /

Change of Static files detected, rebuilding site (#41).
2025-12-06 13:17:49.792 +0300
Syncing /css/override.css to /
